build/app/intermediates/manifest_merge_blame_file/debug/manifest-merger-blame-debug-report.txt
1<?xml version="1.0" encoding="utf-8"?>
2<manifest xmlns:android="http://schemas.android.com/apk/res/android"
3    package="com.example.e_waste_app"
4    android:versionCode="1"
5    android:versionName="1.0.0" >
6
7    <uses-sdk
8        android:minSdkVersion="19"
9        android:targetSdkVersion="28" />
10    <!--
11         Flutter needs it to communicate with the running application
12         to allow setting breakpoints, to provide hot reload, etc.
13    -->
14    <uses-permission android:name="android.permission.INTERNET" />
14-->src/debug/AndroidManifest.xml:6:5-66
14-->src/debug/AndroidManifest.xml:6:22-64
15    <uses-permission android:name="android.permission.ACCESS_NETWORK_STATE" />
15-->[com.google.firebase:firebase-auth:21.0.1] AndroidManifest.xml:24:5-79
15-->[com.google.firebase:firebase-auth:21.0.1] AndroidManifest.xml:24:22-76
16    <!--
17 io.flutter.app.FlutterApplication is an android.app.Application that
18         calls FlutterMain.startInitialization(this); in its onCreate method.
19         In most cases you can leave this as-is, but you if you want to provide
20         additional functionality it is fine to subclass or reimplement
21         FlutterApplication and put your custom class here.
22    -->
23    <application
23-->src/main/AndroidManifest.xml:8:5-46:19
24        android:name="io.flutter.app.FlutterApplication"
24-->src/main/AndroidManifest.xml:9:9-57
25        android:appComponentFactory="androidx.core.app.CoreComponentFactory"
25-->[androidx.core:core:1.1.0] AndroidManifest.xml:24:18-86
26        android:debuggable="true"
27        android:icon="@mipmap/ic_launcher"
27-->src/main/AndroidManifest.xml:11:9-43
28        android:label="e-Waste App" >
28-->src/main/AndroidManifest.xml:10:9-36
29        <activity
29-->src/main/AndroidManifest.xml:12:9-40:20
30            android:name="com.example.e_waste_app.MainActivity"
30-->src/main/AndroidManifest.xml:13:13-41
31            android:configChanges="orientation|keyboardHidden|keyboard|screenSize|smallestScreenSize|locale|layoutDirection|fontScale|screenLayout|density|uiMode"
31-->src/main/AndroidManifest.xml:16:13-163
32            android:hardwareAccelerated="true"
32-->src/main/AndroidManifest.xml:17:13-47
33            android:launchMode="singleTop"
33-->src/main/AndroidManifest.xml:14:13-43
34            android:theme="@style/LaunchTheme"
34-->src/main/AndroidManifest.xml:15:13-47
35            android:windowSoftInputMode="adjustResize" >
35-->src/main/AndroidManifest.xml:18:13-55
36
37            <!--
38                 Specifies an Android theme to apply to this Activity as soon as
39                 the Android process has started. This theme is visible to the user
40                 while the Flutter UI initializes. After that, this theme continues
41                 to determine the Window background behind the Flutter UI.
42            -->
43            <meta-data
43-->src/main/AndroidManifest.xml:23:13-26:17
44                android:name="io.flutter.embedding.android.NormalTheme"
44-->src/main/AndroidManifest.xml:24:15-70
45                android:resource="@style/NormalTheme" />
45-->src/main/AndroidManifest.xml:25:15-52
46            <!--
47                 Displays an Android View that continues showing the launch screen
48                 Drawable until Flutter paints its first frame, then this splash
49                 screen fades out. A splash screen is useful to avoid any visual
50                 gap between the end of Android's launch screen and the painting of
51                 Flutter's first frame.
52            -->
53            <meta-data
53-->src/main/AndroidManifest.xml:32:13-35:17
54                android:name="io.flutter.embedding.android.SplashScreenDrawable"
54-->src/main/AndroidManifest.xml:33:15-79
55                android:resource="@drawable/launch_background" />
55-->src/main/AndroidManifest.xml:34:15-61
56
57            <intent-filter>
57-->src/main/AndroidManifest.xml:36:13-39:29
58                <action android:name="android.intent.action.MAIN" />
58-->src/main/AndroidManifest.xml:37:17-68
58-->src/main/AndroidManifest.xml:37:25-66
59
60                <category android:name="android.intent.category.LAUNCHER" />
60-->src/main/AndroidManifest.xml:38:17-76
60-->src/main/AndroidManifest.xml:38:27-74
61            </intent-filter>
62        </activity>
63        <!--
64             Don't delete the meta-data below.
65             This is used by the Flutter tool to generate GeneratedPluginRegistrant.java
66        -->
67        <meta-data
67-->src/main/AndroidManifest.xml:43:9-45:33
68            android:name="flutterEmbedding"
68-->src/main/AndroidManifest.xml:44:13-44
69            android:value="2" />
69-->src/main/AndroidManifest.xml:45:13-30
70
71        <service
71-->[:firebase_auth] AndroidManifest.xml:8:9-12:19
72            android:name="com.google.firebase.components.ComponentDiscoveryService"
72-->[:firebase_auth] AndroidManifest.xml:8:18-89
73            android:directBootAware="true"
73-->[com.google.firebase:firebase-common:20.0.0] AndroidManifest.xml:35:13-43
74            android:exported="false" >
74-->[com.google.firebase:firebase-auth:21.0.1] AndroidManifest.xml:76:13-37
75            <meta-data
75-->[:firebase_auth] AndroidManifest.xml:9:13-11:85
76                android:name="com.google.firebase.components:io.flutter.plugins.firebase.auth.FlutterFirebaseAuthRegistrar"
76-->[:firebase_auth] AndroidManifest.xml:10:17-124
77                android:value="com.google.firebase.components.ComponentRegistrar" />
77-->[:firebase_auth] AndroidManifest.xml:11:17-82
78            <meta-data
78-->[:cloud_firestore] AndroidManifest.xml:9:13-11:85
79                android:name="com.google.firebase.components:io.flutter.plugins.firebase.firestore.FlutterFirebaseFirestoreRegistrar"
79-->[:cloud_firestore] AndroidManifest.xml:10:17-134
80                android:value="com.google.firebase.components.ComponentRegistrar" />
80-->[:cloud_firestore] AndroidManifest.xml:11:17-82
81            <meta-data
81-->[:firebase_storage] AndroidManifest.xml:9:13-11:85
82                android:name="com.google.firebase.components:io.flutter.plugins.firebase.storage.FlutterFirebaseAppRegistrar"
82-->[:firebase_storage] AndroidManifest.xml:10:17-126
83                android:value="com.google.firebase.components.ComponentRegistrar" />
83-->[:firebase_storage] AndroidManifest.xml:11:17-82
84            <meta-data
84-->[:firebase_core] AndroidManifest.xml:9:13-11:85
85                android:name="com.google.firebase.components:io.flutter.plugins.firebase.core.FlutterFirebaseCoreRegistrar"
85-->[:firebase_core] AndroidManifest.xml:10:17-124
86                android:value="com.google.firebase.components.ComponentRegistrar" />
86-->[:firebase_core] AndroidManifest.xml:11:17-82
87            <meta-data
87-->[com.google.firebase:firebase-auth:21.0.1] AndroidManifest.xml:77:13-79:85
88                android:name="com.google.firebase.components:com.google.firebase.auth.FirebaseAuthRegistrar"
88-->[com.google.firebase:firebase-auth:21.0.1] AndroidManifest.xml:78:17-109
89                android:value="com.google.firebase.components.ComponentRegistrar" />
89-->[com.google.firebase:firebase-auth:21.0.1] AndroidManifest.xml:79:17-82
90            <meta-data
90-->[com.google.firebase:firebase-firestore:23.0.1] AndroidManifest.xml:20:13-22:85
91                android:name="com.google.firebase.components:com.google.firebase.firestore.FirestoreRegistrar"
91-->[com.google.firebase:firebase-firestore:23.0.1] AndroidManifest.xml:21:17-111
92                android:value="com.google.firebase.components.ComponentRegistrar" />
92-->[com.google.firebase:firebase-firestore:23.0.1] AndroidManifest.xml:22:17-82
93            <meta-data
93-->[com.google.firebase:firebase-storage:20.0.0] AndroidManifest.xml:33:13-35:85
94                android:name="com.google.firebase.components:com.google.firebase.storage.StorageRegistrar"
94-->[com.google.firebase:firebase-storage:20.0.0] AndroidManifest.xml:34:17-107
95                android:value="com.google.firebase.components.ComponentRegistrar" />
95-->[com.google.firebase:firebase-storage:20.0.0] AndroidManifest.xml:35:17-82
96        </service>
97
98        <activity
98-->[:razorpay_flutter] AndroidManifest.xml:8:9-11:20
99            android:name="com.razorpay.CheckoutActivity"
99-->[:razorpay_flutter] AndroidManifest.xml:9:13-57
100            android:configChanges="keyboard|keyboardHidden|orientation|screenSize"
100-->[com.razorpay:checkout:1.6.10] AndroidManifest.xml:20:13-83
101            android:label="Razorpay Checkout"
101-->[:razorpay_flutter] AndroidManifest.xml:10:13-46
102            android:theme="@style/CheckoutTheme" >
102-->[com.razorpay:checkout:1.6.10] AndroidManifest.xml:21:13-49
103            <intent-filter>
103-->[com.razorpay:checkout:1.6.10] AndroidManifest.xml:22:13-28:29
104                <action android:name="android.intent.action.MAIN" />
104-->src/main/AndroidManifest.xml:37:17-68
104-->src/main/AndroidManifest.xml:37:25-66
105
106                <data
106-->[com.google.firebase:firebase-auth:21.0.1] AndroidManifest.xml:39:17-42:51
107                    android:host="rzp.io"
107-->[com.google.firebase:firebase-auth:21.0.1] AndroidManifest.xml:40:21-49
108                    android:scheme="io.rzp" />
108-->[com.google.firebase:firebase-auth:21.0.1] AndroidManifest.xml:42:21-48
109            </intent-filter>
110        </activity>
111
112        <provider
112-->[:image_picker] AndroidManifest.xml:8:9-16:20
113            android:name="io.flutter.plugins.imagepicker.ImagePickerFileProvider"
113-->[:image_picker] AndroidManifest.xml:9:13-82
114            android:authorities="com.example.e_waste_app.flutter.image_provider"
114-->[:image_picker] AndroidManifest.xml:10:13-74
115            android:exported="false"
115-->[:image_picker] AndroidManifest.xml:11:13-37
116            android:grantUriPermissions="true" >
116-->[:image_picker] AndroidManifest.xml:12:13-47
117            <meta-data
117-->[:image_picker] AndroidManifest.xml:13:13-15:75
118                android:name="android.support.FILE_PROVIDER_PATHS"
118-->[:image_picker] AndroidManifest.xml:14:17-67
119                android:resource="@xml/flutter_image_picker_file_paths" />
119-->[:image_picker] AndroidManifest.xml:15:17-72
120        </provider>
121
122        <activity
122-->[com.google.firebase:firebase-auth:21.0.1] AndroidManifest.xml:27:9-44:20
123            android:name="com.google.firebase.auth.internal.GenericIdpActivity"
123-->[com.google.firebase:firebase-auth:21.0.1] AndroidManifest.xml:28:13-80
124            android:excludeFromRecents="true"
124-->[com.google.firebase:firebase-auth:21.0.1] AndroidManifest.xml:29:13-46
125            android:exported="true"
125-->[com.google.firebase:firebase-auth:21.0.1] AndroidManifest.xml:30:13-36
126            android:launchMode="singleTask"
126-->[com.google.firebase:firebase-auth:21.0.1] AndroidManifest.xml:31:13-44
127            android:theme="@android:style/Theme.Translucent.NoTitleBar" >
127-->[com.google.firebase:firebase-auth:21.0.1] AndroidManifest.xml:32:13-72
128            <intent-filter>
128-->[com.google.firebase:firebase-auth:21.0.1] AndroidManifest.xml:33:13-43:29
129                <action android:name="android.intent.action.VIEW" />
129-->[com.google.firebase:firebase-auth:21.0.1] AndroidManifest.xml:34:17-69
129-->[com.google.firebase:firebase-auth:21.0.1] AndroidManifest.xml:34:25-66
130
131                <category android:name="android.intent.category.DEFAULT" />
131-->[com.google.firebase:firebase-auth:21.0.1] AndroidManifest.xml:36:17-76
131-->[com.google.firebase:firebase-auth:21.0.1] AndroidManifest.xml:36:27-73
132                <category android:name="android.intent.category.BROWSABLE" />
132-->[com.google.firebase:firebase-auth:21.0.1] AndroidManifest.xml:37:17-78
132-->[com.google.firebase:firebase-auth:21.0.1] AndroidManifest.xml:37:27-75
133
134                <data
134-->[com.google.firebase:firebase-auth:21.0.1] AndroidManifest.xml:39:17-42:51
135                    android:host="firebase.auth"
135-->[com.google.firebase:firebase-auth:21.0.1] AndroidManifest.xml:40:21-49
136                    android:path="/"
136-->[com.google.firebase:firebase-auth:21.0.1] AndroidManifest.xml:41:21-37
137                    android:scheme="genericidp" />
137-->[com.google.firebase:firebase-auth:21.0.1] AndroidManifest.xml:42:21-48
138            </intent-filter>
139        </activity>
140        <activity
140-->[com.google.firebase:firebase-auth:21.0.1] AndroidManifest.xml:45:9-62:20
141            android:name="com.google.firebase.auth.internal.RecaptchaActivity"
141-->[com.google.firebase:firebase-auth:21.0.1] AndroidManifest.xml:46:13-79
142            android:excludeFromRecents="true"
142-->[com.google.firebase:firebase-auth:21.0.1] AndroidManifest.xml:47:13-46
143            android:exported="true"
143-->[com.google.firebase:firebase-auth:21.0.1] AndroidManifest.xml:48:13-36
144            android:launchMode="singleTask"
144-->[com.google.firebase:firebase-auth:21.0.1] AndroidManifest.xml:49:13-44
145            android:theme="@android:style/Theme.Translucent.NoTitleBar" >
145-->[com.google.firebase:firebase-auth:21.0.1] AndroidManifest.xml:50:13-72
146            <intent-filter>
146-->[com.google.firebase:firebase-auth:21.0.1] AndroidManifest.xml:51:13-61:29
147                <action android:name="android.intent.action.VIEW" />
147-->[com.google.firebase:firebase-auth:21.0.1] AndroidManifest.xml:34:17-69
147-->[com.google.firebase:firebase-auth:21.0.1] AndroidManifest.xml:34:25-66
148
149                <category android:name="android.intent.category.DEFAULT" />
149-->[com.google.firebase:firebase-auth:21.0.1] AndroidManifest.xml:36:17-76
149-->[com.google.firebase:firebase-auth:21.0.1] AndroidManifest.xml:36:27-73
150                <category android:name="android.intent.category.BROWSABLE" />
150-->[com.google.firebase:firebase-auth:21.0.1] AndroidManifest.xml:37:17-78
150-->[com.google.firebase:firebase-auth:21.0.1] AndroidManifest.xml:37:27-75
151
152                <data
152-->[com.google.firebase:firebase-auth:21.0.1] AndroidManifest.xml:39:17-42:51
153                    android:host="firebase.auth"
153-->[com.google.firebase:firebase-auth:21.0.1] AndroidManifest.xml:40:21-49
154                    android:path="/"
154-->[com.google.firebase:firebase-auth:21.0.1] AndroidManifest.xml:41:21-37
155                    android:scheme="recaptcha" />
155-->[com.google.firebase:firebase-auth:21.0.1] AndroidManifest.xml:42:21-48
156            </intent-filter>
157        </activity>
158
159        <service
159-->[com.google.firebase:firebase-auth:21.0.1] AndroidManifest.xml:64:9-73:19
160            android:name="com.google.firebase.auth.api.fallback.service.FirebaseAuthFallbackService"
160-->[com.google.firebase:firebase-auth:21.0.1] AndroidManifest.xml:65:13-101
161            android:enabled="true"
161-->[com.google.firebase:firebase-auth:21.0.1] AndroidManifest.xml:66:13-35
162            android:exported="false" >
162-->[com.google.firebase:firebase-auth:21.0.1] AndroidManifest.xml:67:13-37
163            <intent-filter>
163-->[com.google.firebase:firebase-auth:21.0.1] AndroidManifest.xml:68:13-72:29
164                <action android:name="com.google.firebase.auth.api.gms.service.START" />
164-->[com.google.firebase:firebase-auth:21.0.1] AndroidManifest.xml:69:17-89
164-->[com.google.firebase:firebase-auth:21.0.1] AndroidManifest.xml:69:25-86
165
166                <category android:name="android.intent.category.DEFAULT" />
166-->[com.google.firebase:firebase-auth:21.0.1] AndroidManifest.xml:36:17-76
166-->[com.google.firebase:firebase-auth:21.0.1] AndroidManifest.xml:36:27-73
167            </intent-filter>
168        </service>
169
170        <receiver android:name="com.razorpay.RzpTokenReceiver" >
170-->[com.razorpay:checkout:1.6.10] AndroidManifest.xml:12:9-16:20
170-->[com.razorpay:checkout:1.6.10] AndroidManifest.xml:12:19-63
171            <intent-filter>
171-->[com.razorpay:checkout:1.6.10] AndroidManifest.xml:13:13-15:29
172                <action android:name="rzp.device_token.share" />
172-->[com.razorpay:checkout:1.6.10] AndroidManifest.xml:14:17-65
172-->[com.razorpay:checkout:1.6.10] AndroidManifest.xml:14:25-62
173            </intent-filter>
174        </receiver>
175
176        <activity
176-->[com.google.android.gms:play-services-auth:17.0.0] AndroidManifest.xml:23:9-27:75
177            android:name="com.google.android.gms.auth.api.signin.internal.SignInHubActivity"
177-->[com.google.android.gms:play-services-auth:17.0.0] AndroidManifest.xml:24:13-93
178            android:excludeFromRecents="true"
178-->[com.google.android.gms:play-services-auth:17.0.0] AndroidManifest.xml:25:13-46
179            android:exported="false"
179-->[com.google.android.gms:play-services-auth:17.0.0] AndroidManifest.xml:26:13-37
180            android:theme="@android:style/Theme.Translucent.NoTitleBar" />
180-->[com.google.android.gms:play-services-auth:17.0.0] AndroidManifest.xml:27:13-72
181        <!--
182            Service handling Google Sign-In user revocation. For apps that do not integrate with
183            Google Sign-In, this service will never be started.
184        -->
185        <service
185-->[com.google.android.gms:play-services-auth:17.0.0] AndroidManifest.xml:33:9-36:110
186            android:name="com.google.android.gms.auth.api.signin.RevocationBoundService"
186-->[com.google.android.gms:play-services-auth:17.0.0] AndroidManifest.xml:34:13-89
187            android:exported="true"
187-->[com.google.android.gms:play-services-auth:17.0.0] AndroidManifest.xml:35:13-36
188            android:permission="com.google.android.gms.auth.api.signin.permission.REVOCATION_NOTIFICATION" />
188-->[com.google.android.gms:play-services-auth:17.0.0] AndroidManifest.xml:36:13-107
189
190        <activity
190-->[com.google.android.gms:play-services-base:17.1.0] AndroidManifest.xml:23:9-26:75
191            android:name="com.google.android.gms.common.api.GoogleApiActivity"
191-->[com.google.android.gms:play-services-base:17.1.0] AndroidManifest.xml:24:13-79
192            android:exported="false"
192-->[com.google.android.gms:play-services-base:17.1.0] AndroidManifest.xml:25:13-37
193            android:theme="@android:style/Theme.Translucent.NoTitleBar" />
193-->[com.google.android.gms:play-services-base:17.1.0] AndroidManifest.xml:26:13-72
194
195        <provider
195-->[com.google.firebase:firebase-common:20.0.0] AndroidManifest.xml:26:9-31:39
196            android:name="com.google.firebase.provider.FirebaseInitProvider"
196-->[com.google.firebase:firebase-common:20.0.0] AndroidManifest.xml:27:13-77
197            android:authorities="com.example.e_waste_app.firebaseinitprovider"
197-->[com.google.firebase:firebase-common:20.0.0] AndroidManifest.xml:28:13-72
198            android:directBootAware="true"
198-->[com.google.firebase:firebase-common:20.0.0] AndroidManifest.xml:29:13-43
199            android:exported="false"
199-->[com.google.firebase:firebase-common:20.0.0] AndroidManifest.xml:30:13-37
200            android:initOrder="100" />
200-->[com.google.firebase:firebase-common:20.0.0] AndroidManifest.xml:31:13-36
201
202        <meta-data
202-->[com.google.android.gms:play-services-basement:17.1.0] AndroidManifest.xml:23:9-25:69
203            android:name="com.google.android.gms.version"
203-->[com.google.android.gms:play-services-basement:17.1.0] AndroidManifest.xml:24:13-58
204            android:value="@integer/google_play_services_version" />
204-->[com.google.android.gms:play-services-basement:17.1.0] AndroidManifest.xml:25:13-66
205    </application>
206
207</manifest>